[2017-12-12 15:05:33,276]-[log.py]-[<module>]-[110]-[DEBUG]-this is a debug msg!
[2017-12-12 15:05:33,276]-[log.py]-[<module>]-[111]-[INFO]-this is a info msg!
[2017-12-12 15:05:33,276]-[log.py]-[<module>]-[112]-[WARNING]-this is a warn msg!
[2017-12-12 15:05:33,276]-[log.py]-[<module>]-[113]-[ERROR]-this is a error msg!
[2017-12-12 15:05:33,276]-[log.py]-[<module>]-[114]-[CRITICAL]-this is a critical msg!
[2017-12-12 15:06:02,378]-[log.py]-[<module>]-[110]-[DEBUG]-this is a debug msg!
[2017-12-12 15:06:02,378]-[log.py]-[<module>]-[111]-[INFO]-this is a info msg!
[2017-12-12 15:06:02,378]-[log.py]-[<module>]-[112]-[WARNING]-this is a warn msg!
[2017-12-12 15:06:02,378]-[log.py]-[<module>]-[113]-[ERROR]-this is a error msg!
[2017-12-12 15:06:13,732]-[log.py]-[<module>]-[110]-[DEBUG]-this is a debug msg!
[2017-12-12 15:06:13,732]-[log.py]-[<module>]-[111]-[INFO]-this is a info msg!
[2017-12-12 15:06:13,732]-[log.py]-[<module>]-[112]-[WARNING]-this is a warn msg!
[2017-12-12 15:06:13,732]-[log.py]-[<module>]-[113]-[ERROR]-this is a error msg!
[2017-12-12 15:06:13,732]-[log.py]-[<module>]-[114]-[CRITICAL]-this is a critical msg!
[2017-12-12 15:10:16,770]-[log.py]-[<module>]-[109]-[DEBUG]-this is a debug msg!
[2017-12-12 15:10:16,770]-[log.py]-[<module>]-[110]-[INFO]-this is a info msg!
[2017-12-12 15:10:16,770]-[log.py]-[<module>]-[111]-[WARNING]-this is a warn msg!
[2017-12-12 15:10:16,770]-[log.py]-[<module>]-[112]-[ERROR]-this is a error msg!
[2017-12-12 15:10:17,671]-[log.py]-[<module>]-[113]-[CRITICAL]-this is a critical msg!
[2017-12-12 15:19:06,677]-[<stdin>]-[<module>]-[line 1]-[DEBUG]-this is a debug msg!
[2017-12-12 15:19:15,661]-[<stdin>]-[<module>]-[line 1]-[INFO]-this is a debug msg!
[2017-12-12 15:19:54,372]-[<stdin>]-[<module>]-[line 1]-[ERROR]-this is a debug msg!
[2017-12-12 15:21:02,369]-[<stdin>]-[<module>]-[line 1]-[ERROR]-this is a debug msg!
[2017-12-12 15:21:04,355]-[<stdin>]-[<module>]-[line 1]-[ERROR]-this is a debug msg!
[2017-12-12 15:21:21,000]-[<stdin>]-[<module>]-[line 1]-[INFO]-this is a debug msg!
